<?xml version="1.0" encoding="UTF-8"?>
<testng-results skipped="0" failed="0" ignored="0" total="1" passed="1">
  <reporter-output>
  </reporter-output>
  <suite name="Default suite" duration-ms="33142" started-at="2021-12-17T18:47:42 IST" finished-at="2021-12-17T18:48:15 IST">
    <groups>
    </groups>
    <test name="Default test" duration-ms="33142" started-at="2021-12-17T18:47:42 IST" finished-at="2021-12-17T18:48:15 IST">
      <class name="tests.LoginTest">
        <test-method status="PASS" signature="openFanbuku()[pri:0, instance:tests.LoginTest@87f383f]" name="openFanbuku" is-config="true" duration-ms="19898" started-at="2021-12-17T18:47:42 IST" finished-at="2021-12-17T18:48:02 IST">
          <reporter-output>
          </reporter-output>
        </test-method> <!-- openFanbuku -->
        <test-method status="PASS" signature="login()[pri:7, instance:tests.LoginTest@87f383f]" name="login" duration-ms="13164" started-at="2021-12-17T18:48:02 IST" finished-at="2021-12-17T18:48:15 IST">
          <reporter-output>
          </reporter-output>
        </test-method> <!-- login -->
      </class> <!-- tests.LoginTest -->
    </test> <!-- Default test -->
  </suite> <!-- Default suite -->
</testng-results>
